<?xml version="1.0" encoding="UTF-8"?>
<!-- Generated by org.testng.reporters.JUnitReportReporter -->
<testsuite skipped="0" hostname="Harshas-MBP.Dlink" name="com.qa.test.GetAPITest" tests="1" failures="0" timestamp="13 Jan 2019 17:47:06 GMT" time="82.263" errors="0">
  <testcase name="getAPITest" time="82.263" classname="com.qa.test.GetAPITest"/>
</testsuite> <!-- com.qa.test.GetAPITest -->
